<?xml version="1.0" encoding="UTF-8"?>
<coverage generated="1663580978001" clover="3.2.0">
  <project timestamp="1663580978001" name="All files">
    <metrics statements="275" coveredstatements="258" conditionals="120" coveredconditionals="104" methods="58" coveredmethods="55" elements="453" coveredelements="417" complexity="0" loc="275" ncloc="275" packages="4" files="13" classes="13"/>
    <package name="app">
      <metrics statements="97" coveredstatements="92" conditionals="42" coveredconditionals="38" methods="14" coveredmethods="14"/>
      <file name="env.error.ts" path="/home/fider/flip/typed-dotenv/src/app/env.error.ts">
        <metrics statements="28" coveredstatements="28" conditionals="18" coveredconditionals="18" methods="5" coveredmethods="5"/>
        <line num="1" count="7" type="stmt"/>
        <line num="2" count="7" type="stmt"/>
        <line num="4" count="7" type="stmt"/>
        <line num="15" count="14" type="stmt"/>
        <line num="16" count="14" type="stmt"/>
        <line num="17" count="37" type="stmt"/>
        <line num="18" count="170" type="cond" truecount="6" falsecount="0"/>
        <line num="19" count="37" type="cond" truecount="2" falsecount="0"/>
        <line num="21" count="37" type="stmt"/>
        <line num="22" count="37" type="cond" truecount="2" falsecount="0"/>
        <line num="23" count="37" type="stmt"/>
        <line num="24" count="37" type="cond" truecount="2" falsecount="0"/>
        <line num="25" count="37" type="stmt"/>
        <line num="27" count="37" type="stmt"/>
        <line num="28" count="37" type="stmt"/>
        <line num="30" count="37" type="cond" truecount="3" falsecount="0"/>
        <line num="32" count="4" type="cond" truecount="2" falsecount="0"/>
        <line num="33" count="4" type="stmt"/>
        <line num="35" count="4" type="stmt"/>
        <line num="38" count="37" type="stmt"/>
        <line num="40" count="37" type="stmt"/>
        <line num="51" count="14" type="stmt"/>
        <line num="52" count="37" type="stmt"/>
        <line num="55" count="14" type="stmt"/>
        <line num="72" count="7" type="stmt"/>
        <line num="74" count="40" type="cond" truecount="1" falsecount="0"/>
        <line num="75" count="4" type="stmt"/>
        <line num="77" count="36" type="stmt"/>
      </file>
      <file name="get-config.ts" path="/home/fider/flip/typed-dotenv/src/app/get-config.ts">
        <metrics statements="67" coveredstatements="62" conditionals="24" coveredconditionals="20" methods="9" coveredmethods="9"/>
        <line num="1" count="7" type="stmt"/>
        <line num="2" count="7" type="stmt"/>
        <line num="3" count="7" type="stmt"/>
        <line num="4" count="7" type="stmt"/>
        <line num="5" count="7" type="stmt"/>
        <line num="6" count="7" type="stmt"/>
        <line num="8" count="7" type="stmt"/>
        <line num="9" count="7" type="stmt"/>
        <line num="10" count="7" type="stmt"/>
        <line num="32" count="7" type="stmt"/>
        <line num="33" count="37" type="stmt"/>
        <line num="35" count="35" type="stmt"/>
        <line num="37" count="35" type="stmt"/>
        <line num="39" count="35" type="stmt"/>
        <line num="40" count="35" type="stmt"/>
        <line num="42" count="35" type="cond" truecount="8" falsecount="0"/>
        <line num="43" count="35" type="stmt"/>
        <line num="47" count="35" type="stmt"/>
        <line num="48" count="35" type="stmt"/>
        <line num="51" count="14" type="cond" truecount="3" falsecount="0"/>
        <line num="52" count="14" type="stmt"/>
        <line num="53" count="37" type="stmt"/>
        <line num="55" count="37" type="stmt"/>
        <line num="56" count="37" type="stmt"/>
        <line num="58" count="37" type="stmt"/>
        <line num="68" count="14" type="stmt"/>
        <line num="71" count="0" type="stmt"/>
        <line num="74" count="21" type="stmt"/>
        <line num="78" count="37" type="stmt"/>
        <line num="81" count="37" type="stmt"/>
        <line num="83" count="37" type="cond" truecount="2" falsecount="0"/>
        <line num="84" count="36" type="cond" truecount="2" falsecount="0"/>
        <line num="86" count="1" type="stmt"/>
        <line num="89" count="37" type="cond" truecount="1" falsecount="0"/>
        <line num="90" count="1" type="stmt"/>
        <line num="93" count="36" type="cond" truecount="0" falsecount="1"/>
        <line num="94" count="0" type="stmt"/>
        <line num="97" count="36" type="cond" truecount="1" falsecount="0"/>
        <line num="98" count="1" type="stmt"/>
        <line num="101" count="35" type="stmt"/>
        <line num="105" count="37" type="stmt"/>
        <line num="106" count="37" type="stmt"/>
        <line num="107" count="36" type="stmt"/>
        <line num="109" count="1" type="cond" truecount="1" falsecount="1"/>
        <line num="110" count="1" type="stmt"/>
        <line num="112" count="0" type="stmt"/>
        <line num="118" count="36" type="stmt"/>
        <line num="119" count="36" type="stmt"/>
        <line num="120" count="36" type="stmt"/>
        <line num="122" count="0" type="stmt"/>
        <line num="127" count="36" type="stmt"/>
        <line num="128" count="36" type="stmt"/>
        <line num="132" count="35" type="stmt"/>
        <line num="134" count="35" type="cond" truecount="0" falsecount="1"/>
        <line num="135" count="0" type="stmt"/>
        <line num="138" count="35" type="stmt"/>
        <line num="142" count="35" type="stmt"/>
        <line num="143" count="35" type="stmt"/>
        <line num="145" count="35" type="stmt"/>
        <line num="147" count="35" type="stmt"/>
        <line num="149" count="35" type="stmt"/>
        <line num="150" count="142" type="stmt"/>
        <line num="152" count="142" type="cond" truecount="1" falsecount="0"/>
        <line num="153" count="100" type="stmt"/>
        <line num="156" count="142" type="stmt"/>
        <line num="159" count="35" type="stmt"/>
        <line num="161" count="35" type="stmt"/>
      </file>
      <file name="index.ts" path="/home/fider/flip/typed-dotenv/src/app/index.ts">
        <metrics statements="2" coveredstatements="2" conditionals="0" coveredconditionals="0" methods="0" coveredmethods="0"/>
        <line num="1" count="7" type="stmt"/>
        <line num="2" count="7" type="stmt"/>
      </file>
    </package>
    <package name="app.decorators">
      <metrics statements="97" coveredstatements="97" conditionals="31" coveredconditionals="31" methods="22" coveredmethods="22"/>
      <file name="boolean.ts" path="/home/fider/flip/typed-dotenv/src/app/decorators/boolean.ts">
        <metrics statements="11" coveredstatements="11" conditionals="5" coveredconditionals="5" methods="2" coveredmethods="2"/>
        <line num="1" count="7" type="stmt"/>
        <line num="2" count="7" type="stmt"/>
        <line num="3" count="7" type="stmt"/>
        <line num="4" count="7" type="stmt"/>
        <line num="9" count="7" type="stmt"/>
        <line num="10" count="24" type="stmt"/>
        <line num="11" count="24" type="cond" truecount="4" falsecount="0"/>
        <line num="13" count="24" type="cond" truecount="1" falsecount="0"/>
        <line num="14" count="13" type="stmt"/>
        <line num="17" count="24" type="stmt"/>
        <line num="19" count="24" type="stmt"/>
      </file>
      <file name="enum.ts" path="/home/fider/flip/typed-dotenv/src/app/decorators/enum.ts">
        <metrics statements="11" coveredstatements="11" conditionals="5" coveredconditionals="5" methods="2" coveredmethods="2"/>
        <line num="1" count="7" type="stmt"/>
        <line num="3" count="7" type="stmt"/>
        <line num="4" count="7" type="stmt"/>
        <line num="5" count="7" type="stmt"/>
        <line num="10" count="7" type="stmt"/>
        <line num="11" count="27" type="stmt"/>
        <line num="12" count="27" type="cond" truecount="4" falsecount="0"/>
        <line num="14" count="27" type="cond" truecount="1" falsecount="0"/>
        <line num="15" count="15" type="stmt"/>
        <line num="18" count="27" type="stmt"/>
        <line num="20" count="27" type="stmt"/>
      </file>
      <file name="float.ts" path="/home/fider/flip/typed-dotenv/src/app/decorators/float.ts">
        <metrics statements="15" coveredstatements="15" conditionals="7" coveredconditionals="7" methods="2" coveredmethods="2"/>
        <line num="1" count="7" type="stmt"/>
        <line num="2" count="7" type="stmt"/>
        <line num="3" count="7" type="stmt"/>
        <line num="5" count="7" type="stmt"/>
        <line num="18" count="7" type="stmt"/>
        <line num="19" count="27" type="stmt"/>
        <line num="20" count="27" type="cond" truecount="4" falsecount="0"/>
        <line num="22" count="27" type="cond" truecount="1" falsecount="0"/>
        <line num="23" count="15" type="stmt"/>
        <line num="26" count="27" type="stmt"/>
        <line num="29" count="27" type="stmt"/>
        <line num="33" count="27" type="cond" truecount="1" falsecount="0"/>
        <line num="34" count="4" type="stmt"/>
        <line num="39" count="27" type="cond" truecount="1" falsecount="0"/>
        <line num="40" count="5" type="stmt"/>
      </file>
      <file name="index.ts" path="/home/fider/flip/typed-dotenv/src/app/decorators/index.ts">
        <metrics statements="25" coveredstatements="25" conditionals="0" coveredconditionals="0" methods="11" coveredmethods="11"/>
        <line num="1" count="7" type="stmt"/>
        <line num="2" count="7" type="stmt"/>
        <line num="3" count="7" type="stmt"/>
        <line num="4" count="7" type="stmt"/>
        <line num="5" count="7" type="stmt"/>
        <line num="10" count="7" type="stmt"/>
        <line num="11" count="85" type="stmt"/>
        <line num="13" count="11" type="stmt"/>
        <line num="16" count="11" type="stmt"/>
        <line num="19" count="12" type="stmt"/>
        <line num="22" count="13" type="stmt"/>
        <line num="42" count="12" type="stmt"/>
        <line num="47" count="13" type="stmt"/>
        <line num="50" count="17" type="stmt"/>
        <line num="53" count="15" type="stmt"/>
        <line num="56" count="16" type="stmt"/>
        <line num="77" count="15" type="stmt"/>
        <line num="83" count="7" type="stmt"/>
        <line num="84" count="7" type="stmt"/>
        <line num="85" count="7" type="stmt"/>
        <line num="86" count="7" type="stmt"/>
        <line num="87" count="7" type="stmt"/>
        <line num="88" count="7" type="stmt"/>
        <line num="92" count="7" type="stmt"/>
        <line num="93" count="7" type="stmt"/>
      </file>
      <file name="int.ts" path="/home/fider/flip/typed-dotenv/src/app/decorators/int.ts">
        <metrics statements="15" coveredstatements="15" conditionals="7" coveredconditionals="7" methods="2" coveredmethods="2"/>
        <line num="1" count="7" type="stmt"/>
        <line num="2" count="7" type="stmt"/>
        <line num="3" count="7" type="stmt"/>
        <line num="4" count="7" type="stmt"/>
        <line num="30" count="7" type="stmt"/>
        <line num="31" count="28" type="stmt"/>
        <line num="32" count="28" type="cond" truecount="4" falsecount="0"/>
        <line num="34" count="28" type="cond" truecount="1" falsecount="0"/>
        <line num="35" count="17" type="stmt"/>
        <line num="38" count="28" type="stmt"/>
        <line num="40" count="28" type="stmt"/>
        <line num="44" count="28" type="cond" truecount="1" falsecount="0"/>
        <line num="45" count="4" type="stmt"/>
        <line num="50" count="28" type="cond" truecount="1" falsecount="0"/>
        <line num="51" count="5" type="stmt"/>
      </file>
      <file name="optional.ts" path="/home/fider/flip/typed-dotenv/src/app/decorators/optional.ts">
        <metrics statements="5" coveredstatements="5" conditionals="0" coveredconditionals="0" methods="1" coveredmethods="1"/>
        <line num="1" count="7" type="stmt"/>
        <line num="2" count="7" type="stmt"/>
        <line num="4" count="7" type="stmt"/>
        <line num="5" count="76" type="stmt"/>
        <line num="6" count="76" type="stmt"/>
      </file>
      <file name="string.ts" path="/home/fider/flip/typed-dotenv/src/app/decorators/string.ts">
        <metrics statements="15" coveredstatements="15" conditionals="7" coveredconditionals="7" methods="2" coveredmethods="2"/>
        <line num="1" count="7" type="stmt"/>
        <line num="2" count="7" type="stmt"/>
        <line num="3" count="7" type="stmt"/>
        <line num="4" count="7" type="stmt"/>
        <line num="20" count="7" type="stmt"/>
        <line num="21" count="29" type="stmt"/>
        <line num="22" count="29" type="cond" truecount="4" falsecount="0"/>
        <line num="24" count="29" type="cond" truecount="1" falsecount="0"/>
        <line num="25" count="16" type="stmt"/>
        <line num="28" count="29" type="stmt"/>
        <line num="30" count="29" type="stmt"/>
        <line num="34" count="29" type="cond" truecount="1" falsecount="0"/>
        <line num="35" count="13" type="stmt"/>
        <line num="40" count="29" type="cond" truecount="1" falsecount="0"/>
        <line num="41" count="8" type="stmt"/>
      </file>
    </package>
    <package name="app.helpers">
      <metrics statements="57" coveredstatements="45" conditionals="46" coveredconditionals="34" methods="18" coveredmethods="15"/>
      <file name="helper.ts" path="/home/fider/flip/typed-dotenv/src/app/helpers/helper.ts">
        <metrics statements="48" coveredstatements="36" conditionals="38" coveredconditionals="27" methods="16" coveredmethods="13"/>
        <line num="1" count="7" type="stmt"/>
        <line num="2" count="7" type="stmt"/>
        <line num="4" count="7" type="stmt"/>
        <line num="6" count="7" type="stmt"/>
        <line num="12" count="7" type="stmt"/>
        <line num="13" count="76" type="cond" truecount="4" falsecount="0"/>
        <line num="18" count="76" type="stmt"/>
        <line num="20" count="76" type="stmt"/>
        <line num="27" count="7" type="stmt"/>
        <line num="28" count="37" type="stmt"/>
        <line num="33" count="37" type="cond" truecount="4" falsecount="0"/>
        <line num="39" count="7" type="stmt"/>
        <line num="40" count="55" type="stmt"/>
        <line num="41" count="45" type="cond" truecount="2" falsecount="2"/>
        <line num="42" count="0" type="stmt"/>
        <line num="43" count="0" type="stmt"/>
        <line num="45" count="45" type="stmt"/>
        <line num="52" count="45" type="stmt"/>
        <line num="53" count="45" type="cond" truecount="1" falsecount="0"/>
        <line num="59" count="45" type="stmt"/>
        <line num="61" count="0" type="stmt"/>
        <line num="64" count="7" type="stmt"/>
        <line num="65" count="24" type="stmt"/>
        <line num="66" count="19" type="cond" truecount="1" falsecount="1"/>
        <line num="71" count="0" type="stmt"/>
        <line num="72" count="0" type="stmt"/>
        <line num="74" count="19" type="stmt"/>
        <line num="81" count="19" type="cond" truecount="3" falsecount="0"/>
        <line num="82" count="9" type="stmt"/>
        <line num="85" count="10" type="cond" truecount="3" falsecount="0"/>
        <line num="86" count="7" type="stmt"/>
        <line num="89" count="3" type="stmt"/>
        <line num="92" count="7" type="stmt"/>
        <line num="93" count="29" type="stmt"/>
        <line num="94" count="30" type="cond" truecount="1" falsecount="1"/>
        <line num="99" count="0" type="stmt"/>
        <line num="100" count="0" type="stmt"/>
        <line num="102" count="30" type="stmt"/>
        <line num="107" count="52" type="stmt"/>
        <line num="110" count="7" type="stmt"/>
        <line num="111" count="27" type="stmt"/>
        <line num="112" count="22" type="cond" truecount="1" falsecount="1"/>
        <line num="117" count="0" type="stmt"/>
        <line num="118" count="0" type="stmt"/>
        <line num="120" count="22" type="stmt"/>
        <line num="126" count="0" type="stmt"/>
        <line num="131" count="0" type="stmt"/>
        <line num="135" count="0" type="stmt"/>
      </file>
      <file name="property-mapping.ts" path="/home/fider/flip/typed-dotenv/src/app/helpers/property-mapping.ts">
        <metrics statements="9" coveredstatements="9" conditionals="8" coveredconditionals="7" methods="2" coveredmethods="2"/>
        <line num="1" count="7" type="stmt"/>
        <line num="2" count="7" type="stmt"/>
        <line num="9" count="7" type="stmt"/>
        <line num="10" count="135" type="cond" truecount="4" falsecount="0"/>
        <line num="15" count="135" type="stmt"/>
        <line num="20" count="135" type="stmt"/>
        <line num="27" count="7" type="stmt"/>
        <line num="28" count="72" type="cond" truecount="3" falsecount="1"/>
        <line num="33" count="72" type="stmt"/>
      </file>
    </package>
    <package name="test">
      <metrics statements="24" coveredstatements="24" conditionals="1" coveredconditionals="1" methods="4" coveredmethods="4"/>
      <file name="test.util.ts" path="/home/fider/flip/typed-dotenv/src/test/test.util.ts">
        <metrics statements="24" coveredstatements="24" conditionals="1" coveredconditionals="1" methods="4" coveredmethods="4"/>
        <line num="1" count="7" type="stmt"/>
        <line num="2" count="7" type="stmt"/>
        <line num="3" count="7" type="stmt"/>
        <line num="4" count="7" type="stmt"/>
        <line num="5" count="7" type="stmt"/>
        <line num="7" count="7" type="stmt"/>
        <line num="12" count="7" type="stmt"/>
        <line num="13" count="27" type="stmt"/>
        <line num="14" count="27" type="stmt"/>
        <line num="15" count="27" type="stmt"/>
        <line num="16" count="27" type="stmt"/>
        <line num="19" count="7" type="stmt"/>
        <line num="20" count="22" type="stmt"/>
        <line num="21" count="20" type="stmt"/>
        <line num="24" count="7" type="stmt"/>
        <line num="27" count="13" type="stmt"/>
        <line num="28" count="13" type="stmt"/>
        <line num="30" count="12" type="stmt"/>
        <line num="33" count="13" type="cond" truecount="1" falsecount="0"/>
        <line num="34" count="1" type="stmt"/>
        <line num="37" count="12" type="stmt"/>
        <line num="38" count="12" type="stmt"/>
        <line num="41" count="7" type="stmt"/>
        <line num="42" count="11" type="stmt"/>
      </file>
    </package>
  </project>
</coverage>
