{"/home/fider/flip/typed-dotenv/src/app/env.error.ts": {"path":"/home/fider/flip/typed-dotenv/src/app/env.error.ts","statementMap":{"0":{"start":{"line":1,"column":0},"end":{"line":1,"column":35}},"1":{"start":{"line":2,"column":0},"end":{"line":2,"column":64}},"2":{"start":{"line":15,"column":4},"end":{"line":15,"column":12}},"3":{"start":{"line":16,"column":4},"end":{"line":49,"column":null}},"4":{"start":{"line":17,"column":31},"end":{"line":17,"column":105}},"5":{"start":{"line":18,"column":22},"end":{"line":18,"column":146}},"6":{"start":{"line":18,"column":57},"end":{"line":18,"column":107}},"7":{"start":{"line":19,"column":29},"end":{"line":19,"column":137}},"8":{"start":{"line":21,"column":31},"end":{"line":21,"column":95}},"9":{"start":{"line":22,"column":25},"end":{"line":22,"column":68}},"10":{"start":{"line":23,"column":23},"end":{"line":23,"column":99}},"11":{"start":{"line":24,"column":23},"end":{"line":24,"column":78}},"12":{"start":{"line":25,"column":24},"end":{"line":25,"column":54}},"13":{"start":{"line":27,"column":34},"end":{"line":27,"column":39}},"14":{"start":{"line":28,"column":20},"end":{"line":28,"column":58}},"15":{"start":{"line":30,"column":6},"end":{"line":36,"column":null}},"16":{"start":{"line":32,"column":34},"end":{"line":32,"column":84}},"17":{"start":{"line":33,"column":8},"end":{"line":33,"column":null}},"18":{"start":{"line":35,"column":8},"end":{"line":35,"column":37}},"19":{"start":{"line":38,"column":6},"end":{"line":38,"column":57}},"20":{"start":{"line":40,"column":6},"end":{"line":48,"column":8}},"21":{"start":{"line":51,"column":25},"end":{"line":53,"column":17}},"22":{"start":{"line":52,"column":6},"end":{"line":52,"column":null}},"23":{"start":{"line":55,"column":4},"end":{"line":55,"column":null}},"24":{"start":{"line":4,"column":0},"end":{"line":4,"column":13}},"25":{"start":{"line":72,"column":29},"end":{"line":72,"column":64}},"26":{"start":{"line":74,"column":2},"end":{"line":76,"column":null}},"27":{"start":{"line":75,"column":4},"end":{"line":75,"column":null}},"28":{"start":{"line":77,"column":2},"end":{"line":77,"column":17}}},"fnMap":{"0":{"name":"(anonymous_1)","decl":{"start":{"line":7,"column":2},"end":{"line":7,"column":14}},"loc":{"start":{"line":14,"column":4},"end":{"line":56,"column":3}}},"1":{"name":"(anonymous_2)","decl":{"start":{"line":16,"column":35},"end":{"line":16,"column":41}},"loc":{"start":{"line":16,"column":44},"end":{"line":49,"column":5}}},"2":{"name":"(anonymous_3)","decl":{"start":{"line":18,"column":44},"end":{"line":18,"column":45}},"loc":{"start":{"line":18,"column":57},"end":{"line":18,"column":107}}},"3":{"name":"(anonymous_4)","decl":{"start":{"line":51,"column":42},"end":{"line":51,"column":49}},"loc":{"start":{"line":51,"column":52},"end":{"line":53,"column":5}}},"4":{"name":"mapIfUnknownPropertyError","decl":{"start":{"line":73,"column":9},"end":{"line":73,"column":34}},"loc":{"start":{"line":73,"column":50},"end":{"line":78,"column":1}}}},"branchMap":{"0":{"loc":{"start":{"line":18,"column":22},"end":{"line":18,"column":146}},"type":"binary-expr","locations":[{"start":{"line":18,"column":22},"end":{"line":18,"column":117}},{"start":{"line":18,"column":121},"end":{"line":18,"column":146}}]},"1":{"loc":{"start":{"line":18,"column":22},"end":{"line":18,"column":117}},"type":"cond-expr","locations":[{"start":{"line":18,"column":108},"end":{"line":18,"column":110}},{"start":{"line":18,"column":108},"end":{"line":18,"column":117}}]},"2":{"loc":{"start":{"line":18,"column":22},"end":{"line":18,"column":110}},"type":"binary-expr","locations":[{"start":{"line":18,"column":22},"end":{"line":18,"column":110}},{"start":{"line":18,"column":108},"end":{"line":18,"column":110}}]},"3":{"loc":{"start":{"line":19,"column":29},"end":{"line":19,"column":137}},"type":"cond-expr","locations":[{"start":{"line":19,"column":69},"end":{"line":19,"column":76}},{"start":{"line":19,"column":79},"end":{"line":19,"column":137}}]},"4":{"loc":{"start":{"line":22,"column":25},"end":{"line":22,"column":68}},"type":"cond-expr","locations":[{"start":{"line":22,"column":60},"end":{"line":22,"column":63}},{"start":{"line":22,"column":66},"end":{"line":22,"column":68}}]},"5":{"loc":{"start":{"line":24,"column":23},"end":{"line":24,"column":78}},"type":"cond-expr","locations":[{"start":{"line":24,"column":43},"end":{"line":24,"column":73}},{"start":{"line":24,"column":76},"end":{"line":24,"column":78}}]},"6":{"loc":{"start":{"line":30,"column":6},"end":{"line":36,"column":null}},"type":"if","locations":[{"start":{"line":30,"column":6},"end":{"line":36,"column":null}}]},"7":{"loc":{"start":{"line":30,"column":10},"end":{"line":30,"column":91}},"type":"binary-expr","locations":[{"start":{"line":30,"column":10},"end":{"line":30,"column":43}},{"start":{"line":30,"column":47},"end":{"line":30,"column":91}}]},"8":{"loc":{"start":{"line":32,"column":34},"end":{"line":32,"column":84}},"type":"cond-expr","locations":[{"start":{"line":32,"column":76},"end":{"line":32,"column":79}},{"start":{"line":32,"column":82},"end":{"line":32,"column":84}}]},"9":{"loc":{"start":{"line":74,"column":2},"end":{"line":76,"column":null}},"type":"if","locations":[{"start":{"line":74,"column":2},"end":{"line":76,"column":null}}]}},"s":{"0":7,"1":7,"2":14,"3":14,"4":37,"5":37,"6":170,"7":37,"8":37,"9":37,"10":37,"11":37,"12":37,"13":37,"14":37,"15":37,"16":4,"17":4,"18":4,"19":37,"20":37,"21":14,"22":37,"23":14,"24":7,"25":7,"26":40,"27":4,"28":36},"f":{"0":14,"1":37,"2":170,"3":37,"4":40},"b":{"0":[37,4],"1":[4,33],"2":[37,37],"3":[32,5],"4":[13,24],"5":[15,22],"6":[4],"7":[37,11],"8":[2,2],"9":[4]}}
,"/home/fider/flip/typed-dotenv/src/app/get-config.ts": {"path":"/home/fider/flip/typed-dotenv/src/app/get-config.ts","statementMap":{"0":{"start":{"line":1,"column":0},"end":{"line":1,"column":68}},"1":{"start":{"line":2,"column":0},"end":{"line":2,"column":71}},"2":{"start":{"line":3,"column":0},"end":{"line":3,"column":28}},"3":{"start":{"line":4,"column":0},"end":{"line":4,"column":40}},"4":{"start":{"line":5,"column":0},"end":{"line":5,"column":62}},"5":{"start":{"line":6,"column":0},"end":{"line":6,"column":39}},"6":{"start":{"line":8,"column":0},"end":{"line":8,"column":20}},"7":{"start":{"line":9,"column":0},"end":{"line":9,"column":64}},"8":{"start":{"line":10,"column":0},"end":{"line":10,"column":33}},"9":{"start":{"line":33,"column":22},"end":{"line":33,"column":44}},"10":{"start":{"line":35,"column":23},"end":{"line":35,"column":58}},"11":{"start":{"line":37,"column":23},"end":{"line":37,"column":75}},"12":{"start":{"line":39,"column":15},"end":{"line":39,"column":33}},"13":{"start":{"line":40,"column":2},"end":{"line":40,"column":38}},"14":{"start":{"line":42,"column":34},"end":{"line":42,"column":64}},"15":{"start":{"line":43,"column":45},"end":{"line":46,"column":null}},"16":{"start":{"line":47,"column":2},"end":{"line":72,"column":null}},"17":{"start":{"line":48,"column":4},"end":{"line":48,"column":132}},"18":{"start":{"line":51,"column":4},"end":{"line":69,"column":null}},"19":{"start":{"line":52,"column":75},"end":{"line":66,"column":8}},"20":{"start":{"line":53,"column":27},"end":{"line":53,"column":110}},"21":{"start":{"line":55,"column":25},"end":{"line":55,"column":82}},"22":{"start":{"line":56,"column":29},"end":{"line":56,"column":71}},"23":{"start":{"line":58,"column":8},"end":{"line":65,"column":null}},"24":{"start":{"line":68,"column":6},"end":{"line":68,"column":null}},"25":{"start":{"line":71,"column":4},"end":{"line":71,"column":14}},"26":{"start":{"line":74,"column":2},"end":{"line":74,"column":16}},"27":{"start":{"line":32,"column":0},"end":{"line":32,"column":16}},"28":{"start":{"line":78,"column":19},"end":{"line":78,"column":39}},"29":{"start":{"line":81,"column":21},"end":{"line":81,"column":34}},"30":{"start":{"line":83,"column":2},"end":{"line":87,"column":null}},"31":{"start":{"line":84,"column":4},"end":{"line":84,"column":79}},"32":{"start":{"line":86,"column":4},"end":{"line":86,"column":43}},"33":{"start":{"line":89,"column":2},"end":{"line":91,"column":null}},"34":{"start":{"line":90,"column":4},"end":{"line":90,"column":110}},"35":{"start":{"line":93,"column":2},"end":{"line":95,"column":null}},"36":{"start":{"line":94,"column":4},"end":{"line":94,"column":86}},"37":{"start":{"line":97,"column":2},"end":{"line":99,"column":null}},"38":{"start":{"line":98,"column":4},"end":{"line":98,"column":94}},"39":{"start":{"line":101,"column":2},"end":{"line":101,"column":21}},"40":{"start":{"line":105,"column":2},"end":{"line":114,"column":null}},"41":{"start":{"line":106,"column":4},"end":{"line":106,"column":43}},"42":{"start":{"line":107,"column":4},"end":{"line":107,"column":16}},"43":{"start":{"line":109,"column":4},"end":{"line":113,"column":null}},"44":{"start":{"line":110,"column":6},"end":{"line":110,"column":19}},"45":{"start":{"line":112,"column":6},"end":{"line":112,"column":16}},"46":{"start":{"line":118,"column":2},"end":{"line":123,"column":null}},"47":{"start":{"line":119,"column":4},"end":{"line":119,"column":43}},"48":{"start":{"line":120,"column":4},"end":{"line":120,"column":16}},"49":{"start":{"line":122,"column":4},"end":{"line":122,"column":17}},"50":{"start":{"line":127,"column":17},"end":{"line":127,"column":34}},"51":{"start":{"line":128,"column":2},"end":{"line":128,"column":29}},"52":{"start":{"line":132,"column":39},"end":{"line":132,"column":58}},"53":{"start":{"line":134,"column":2},"end":{"line":136,"column":null}},"54":{"start":{"line":135,"column":4},"end":{"line":135,"column":16}},"55":{"start":{"line":138,"column":2},"end":{"line":138,"column":45}},"56":{"start":{"line":142,"column":37},"end":{"line":142,"column":41}},"57":{"start":{"line":143,"column":31},"end":{"line":143,"column":53}},"58":{"start":{"line":145,"column":36},"end":{"line":145,"column":38}},"59":{"start":{"line":147,"column":26},"end":{"line":147,"column":54}},"60":{"start":{"line":149,"column":2},"end":{"line":157,"column":5}},"61":{"start":{"line":150,"column":41},"end":{"line":150,"column":70}},"62":{"start":{"line":152,"column":4},"end":{"line":154,"column":null}},"63":{"start":{"line":153,"column":6},"end":{"line":153,"column":46}},"64":{"start":{"line":156,"column":4},"end":{"line":156,"column":49}},"65":{"start":{"line":159,"column":2},"end":{"line":159,"column":55}},"66":{"start":{"line":161,"column":2},"end":{"line":161,"column":16}}},"fnMap":{"0":{"name":"getConfig","decl":{"start":{"line":32,"column":16},"end":{"line":32,"column":25}},"loc":{"start":{"line":32,"column":91},"end":{"line":75,"column":1}}},"1":{"name":"(anonymous_2)","decl":{"start":{"line":52,"column":105},"end":{"line":52,"column":120}},"loc":{"start":{"line":52,"column":123},"end":{"line":66,"column":7}}},"2":{"name":"determineEnvFilePath","decl":{"start":{"line":77,"column":9},"end":{"line":77,"column":29}},"loc":{"start":{"line":77,"column":29},"end":{"line":102,"column":1}}},"3":{"name":"canSeeFileSync","decl":{"start":{"line":104,"column":9},"end":{"line":104,"column":23}},"loc":{"start":{"line":104,"column":36},"end":{"line":115,"column":1}}},"4":{"name":"canReadFileSync","decl":{"start":{"line":117,"column":9},"end":{"line":117,"column":24}},"loc":{"start":{"line":117,"column":37},"end":{"line":124,"column":1}}},"5":{"name":"isDirectorySync","decl":{"start":{"line":126,"column":9},"end":{"line":126,"column":24}},"loc":{"start":{"line":126,"column":37},"end":{"line":129,"column":1}}},"6":{"name":"parseEnvFile","decl":{"start":{"line":131,"column":9},"end":{"line":131,"column":21}},"loc":{"start":{"line":131,"column":71},"end":{"line":139,"column":1}}},"7":{"name":"mapEnvKeys","decl":{"start":{"line":141,"column":9},"end":{"line":141,"column":19}},"loc":{"start":{"line":141,"column":94},"end":{"line":162,"column":1}}},"8":{"name":"(anonymous_9)","decl":{"start":{"line":149,"column":26},"end":{"line":149,"column":33}},"loc":{"start":{"line":149,"column":36},"end":{"line":157,"column":3}}}},"branchMap":{"0":{"loc":{"start":{"line":42,"column":36},"end":{"line":42,"column":63}},"type":"cond-expr","locations":[{"start":{"line":42,"column":54},"end":{"line":42,"column":58}},{"start":{"line":42,"column":58},"end":{"line":42,"column":63}}]},"1":{"loc":{"start":{"line":42,"column":36},"end":{"line":42,"column":58}},"type":"binary-expr","locations":[{"start":{"line":42,"column":36},"end":{"line":42,"column":58}},{"start":{"line":42,"column":54},"end":{"line":42,"column":58}}]},"2":{"loc":{"start":{"line":42,"column":36},"end":{"line":42,"column":54}},"type":"cond-expr","locations":[{"start":{"line":42,"column":40},"end":{"line":42,"column":42}},{"start":{"line":42,"column":36},"end":{"line":42,"column":54}}]},"3":{"loc":{"start":{"line":42,"column":36},"end":{"line":42,"column":42}},"type":"binary-expr","locations":[{"start":{"line":42,"column":36},"end":{"line":42,"column":42}},{"start":{"line":42,"column":36},"end":{"line":42,"column":42}}]},"4":{"loc":{"start":{"line":51,"column":4},"end":{"line":69,"column":null}},"type":"if","locations":[{"start":{"line":51,"column":4},"end":{"line":69,"column":null}}]},"5":{"loc":{"start":{"line":51,"column":8},"end":{"line":51,"column":63}},"type":"binary-expr","locations":[{"start":{"line":51,"column":8},"end":{"line":51,"column":26}},{"start":{"line":51,"column":30},"end":{"line":51,"column":63}}]},"6":{"loc":{"start":{"line":60,"column":23},"end":{"line":60,"column":56}},"type":"binary-expr","locations":[{"start":{"line":60,"column":23},"end":{"line":60,"column":50}},{"start":{"line":60,"column":54},"end":{"line":60,"column":56}}]},"7":{"loc":{"start":{"line":83,"column":2},"end":{"line":87,"column":null}},"type":"if","locations":[{"start":{"line":83,"column":2},"end":{"line":87,"column":null}},{"start":{"line":85,"column":9},"end":{"line":87,"column":null}}]},"8":{"loc":{"start":{"line":84,"column":18},"end":{"line":84,"column":78}},"type":"cond-expr","locations":[{"start":{"line":84,"column":41},"end":{"line":84,"column":49}},{"start":{"line":84,"column":52},"end":{"line":84,"column":78}}]},"9":{"loc":{"start":{"line":89,"column":2},"end":{"line":91,"column":null}},"type":"if","locations":[{"start":{"line":89,"column":2},"end":{"line":91,"column":null}}]},"10":{"loc":{"start":{"line":93,"column":2},"end":{"line":95,"column":null}},"type":"if","locations":[{"start":{"line":93,"column":2},"end":{"line":95,"column":null}}]},"11":{"loc":{"start":{"line":97,"column":2},"end":{"line":99,"column":null}},"type":"if","locations":[{"start":{"line":97,"column":2},"end":{"line":99,"column":null}}]},"12":{"loc":{"start":{"line":109,"column":4},"end":{"line":113,"column":null}},"type":"if","locations":[{"start":{"line":109,"column":4},"end":{"line":113,"column":null}},{"start":{"line":111,"column":11},"end":{"line":113,"column":null}}]},"13":{"loc":{"start":{"line":134,"column":2},"end":{"line":136,"column":null}},"type":"if","locations":[{"start":{"line":134,"column":2},"end":{"line":136,"column":null}}]},"14":{"loc":{"start":{"line":152,"column":4},"end":{"line":154,"column":null}},"type":"if","locations":[{"start":{"line":152,"column":4},"end":{"line":154,"column":null}}]}},"s":{"0":7,"1":7,"2":7,"3":7,"4":7,"5":7,"6":7,"7":7,"8":7,"9":37,"10":35,"11":35,"12":35,"13":35,"14":35,"15":35,"16":35,"17":35,"18":14,"19":14,"20":37,"21":37,"22":37,"23":37,"24":14,"25":0,"26":21,"27":7,"28":37,"29":37,"30":37,"31":36,"32":1,"33":37,"34":1,"35":36,"36":0,"37":36,"38":1,"39":35,"40":37,"41":37,"42":36,"43":1,"44":1,"45":0,"46":36,"47":36,"48":36,"49":0,"50":36,"51":36,"52":35,"53":35,"54":0,"55":35,"56":35,"57":35,"58":35,"59":35,"60":35,"61":142,"62":142,"63":100,"64":142,"65":35,"66":35},"f":{"0":37,"1":37,"2":37,"3":37,"4":36,"5":36,"6":35,"7":35,"8":142},"b":{"0":[4,31],"1":[35,35],"2":[29,6],"3":[35,35],"4":[14],"5":[14,14],"6":[37,0],"7":[36,1],"8":[33,3],"9":[1],"10":[0],"11":[1],"12":[1,0],"13":[0],"14":[100]}}
,"/home/fider/flip/typed-dotenv/src/app/index.ts": {"path":"/home/fider/flip/typed-dotenv/src/app/index.ts","statementMap":{"0":{"start":{"line":1,"column":0},"end":{"line":1,"column":29}},"1":{"start":{"line":2,"column":0},"end":{"line":2,"column":29}}},"fnMap":{},"branchMap":{},"s":{"0":7,"1":7},"f":{},"b":{}}
,"/home/fider/flip/typed-dotenv/src/app/decorators/boolean.ts": {"path":"/home/fider/flip/typed-dotenv/src/app/decorators/boolean.ts","statementMap":{"0":{"start":{"line":1,"column":0},"end":{"line":1,"column":44}},"1":{"start":{"line":2,"column":0},"end":{"line":2,"column":61}},"2":{"start":{"line":3,"column":0},"end":{"line":3,"column":65}},"3":{"start":{"line":4,"column":0},"end":{"line":4,"column":47}},"4":{"start":{"line":10,"column":2},"end":{"line":22,"column":4}},"5":{"start":{"line":11,"column":4},"end":{"line":11,"column":112}},"6":{"start":{"line":13,"column":4},"end":{"line":15,"column":null}},"7":{"start":{"line":14,"column":6},"end":{"line":14,"column":37}},"8":{"start":{"line":17,"column":4},"end":{"line":17,"column":65}},"9":{"start":{"line":19,"column":4},"end":{"line":21,"column":20}},"10":{"start":{"line":9,"column":0},"end":{"line":9,"column":16}}},"fnMap":{"0":{"name":"booleanDecorator","decl":{"start":{"line":9,"column":16},"end":{"line":9,"column":32}},"loc":{"start":{"line":9,"column":56},"end":{"line":23,"column":1}}},"1":{"name":"BooleanDecorator","decl":{"start":{"line":10,"column":18},"end":{"line":10,"column":34}},"loc":{"start":{"line":10,"column":100},"end":{"line":22,"column":3}}}},"branchMap":{"0":{"loc":{"start":{"line":11,"column":61},"end":{"line":11,"column":83}},"type":"cond-expr","locations":[{"start":{"line":11,"column":76},"end":{"line":11,"column":80}},{"start":{"line":11,"column":80},"end":{"line":11,"column":83}}]},"1":{"loc":{"start":{"line":11,"column":61},"end":{"line":11,"column":80}},"type":"binary-expr","locations":[{"start":{"line":11,"column":61},"end":{"line":11,"column":80}},{"start":{"line":11,"column":76},"end":{"line":11,"column":80}}]},"2":{"loc":{"start":{"line":13,"column":4},"end":{"line":15,"column":null}},"type":"if","locations":[{"start":{"line":13,"column":4},"end":{"line":15,"column":null}}]}},"s":{"0":7,"1":7,"2":7,"3":7,"4":24,"5":24,"6":24,"7":13,"8":24,"9":24,"10":7},"f":{"0":24,"1":24},"b":{"0":[5,19],"1":[24,24],"2":[13]}}
,"/home/fider/flip/typed-dotenv/src/app/decorators/enum.ts": {"path":"/home/fider/flip/typed-dotenv/src/app/decorators/enum.ts","statementMap":{"0":{"start":{"line":1,"column":0},"end":{"line":1,"column":41}},"1":{"start":{"line":3,"column":0},"end":{"line":3,"column":58}},"2":{"start":{"line":4,"column":0},"end":{"line":4,"column":65}},"3":{"start":{"line":5,"column":0},"end":{"line":5,"column":47}},"4":{"start":{"line":11,"column":2},"end":{"line":23,"column":42}},"5":{"start":{"line":12,"column":4},"end":{"line":12,"column":112}},"6":{"start":{"line":14,"column":4},"end":{"line":16,"column":null}},"7":{"start":{"line":15,"column":6},"end":{"line":15,"column":37}},"8":{"start":{"line":18,"column":4},"end":{"line":18,"column":62}},"9":{"start":{"line":20,"column":4},"end":{"line":22,"column":20}},"10":{"start":{"line":10,"column":0},"end":{"line":10,"column":16}}},"fnMap":{"0":{"name":"enumDecorator","decl":{"start":{"line":10,"column":16},"end":{"line":10,"column":29}},"loc":{"start":{"line":10,"column":107},"end":{"line":24,"column":1}}},"1":{"name":"EnumValuesDecorator","decl":{"start":{"line":11,"column":18},"end":{"line":11,"column":37}},"loc":{"start":{"line":11,"column":114},"end":{"line":23,"column":41}}}},"branchMap":{"0":{"loc":{"start":{"line":12,"column":61},"end":{"line":12,"column":83}},"type":"cond-expr","locations":[{"start":{"line":12,"column":76},"end":{"line":12,"column":80}},{"start":{"line":12,"column":80},"end":{"line":12,"column":83}}]},"1":{"loc":{"start":{"line":12,"column":61},"end":{"line":12,"column":80}},"type":"binary-expr","locations":[{"start":{"line":12,"column":61},"end":{"line":12,"column":80}},{"start":{"line":12,"column":76},"end":{"line":12,"column":80}}]},"2":{"loc":{"start":{"line":14,"column":4},"end":{"line":16,"column":null}},"type":"if","locations":[{"start":{"line":14,"column":4},"end":{"line":16,"column":null}}]}},"s":{"0":7,"1":7,"2":7,"3":7,"4":27,"5":27,"6":27,"7":15,"8":27,"9":27,"10":7},"f":{"0":27,"1":27},"b":{"0":[7,20],"1":[27,27],"2":[15]}}
,"/home/fider/flip/typed-dotenv/src/app/decorators/float.ts": {"path":"/home/fider/flip/typed-dotenv/src/app/decorators/float.ts","statementMap":{"0":{"start":{"line":1,"column":0},"end":{"line":1,"column":53}},"1":{"start":{"line":2,"column":0},"end":{"line":2,"column":67}},"2":{"start":{"line":3,"column":0},"end":{"line":3,"column":65}},"3":{"start":{"line":5,"column":0},"end":{"line":5,"column":47}},"4":{"start":{"line":19,"column":2},"end":{"line":44,"column":4}},"5":{"start":{"line":20,"column":4},"end":{"line":20,"column":112}},"6":{"start":{"line":22,"column":4},"end":{"line":24,"column":null}},"7":{"start":{"line":23,"column":6},"end":{"line":23,"column":37}},"8":{"start":{"line":26,"column":4},"end":{"line":26,"column":71}},"9":{"start":{"line":29,"column":4},"end":{"line":31,"column":20}},"10":{"start":{"line":33,"column":4},"end":{"line":37,"column":null}},"11":{"start":{"line":34,"column":6},"end":{"line":36,"column":22}},"12":{"start":{"line":39,"column":4},"end":{"line":43,"column":null}},"13":{"start":{"line":40,"column":6},"end":{"line":42,"column":22}},"14":{"start":{"line":18,"column":0},"end":{"line":18,"column":16}}},"fnMap":{"0":{"name":"floatDecorator","decl":{"start":{"line":18,"column":16},"end":{"line":18,"column":30}},"loc":{"start":{"line":18,"column":62},"end":{"line":45,"column":1}}},"1":{"name":"FloatDecorator","decl":{"start":{"line":19,"column":18},"end":{"line":19,"column":32}},"loc":{"start":{"line":19,"column":96},"end":{"line":44,"column":3}}}},"branchMap":{"0":{"loc":{"start":{"line":20,"column":61},"end":{"line":20,"column":83}},"type":"cond-expr","locations":[{"start":{"line":20,"column":76},"end":{"line":20,"column":80}},{"start":{"line":20,"column":80},"end":{"line":20,"column":83}}]},"1":{"loc":{"start":{"line":20,"column":61},"end":{"line":20,"column":80}},"type":"binary-expr","locations":[{"start":{"line":20,"column":61},"end":{"line":20,"column":80}},{"start":{"line":20,"column":76},"end":{"line":20,"column":80}}]},"2":{"loc":{"start":{"line":22,"column":4},"end":{"line":24,"column":null}},"type":"if","locations":[{"start":{"line":22,"column":4},"end":{"line":24,"column":null}}]},"3":{"loc":{"start":{"line":33,"column":4},"end":{"line":37,"column":null}},"type":"if","locations":[{"start":{"line":33,"column":4},"end":{"line":37,"column":null}}]},"4":{"loc":{"start":{"line":39,"column":4},"end":{"line":43,"column":null}},"type":"if","locations":[{"start":{"line":39,"column":4},"end":{"line":43,"column":null}}]}},"s":{"0":7,"1":7,"2":7,"3":7,"4":27,"5":27,"6":27,"7":15,"8":27,"9":27,"10":27,"11":4,"12":27,"13":5,"14":7},"f":{"0":27,"1":27},"b":{"0":[7,20],"1":[27,27],"2":[15],"3":[4],"4":[5]}}
,"/home/fider/flip/typed-dotenv/src/app/decorators/index.ts": {"path":"/home/fider/flip/typed-dotenv/src/app/decorators/index.ts","statementMap":{"0":{"start":{"line":1,"column":0},"end":{"line":1,"column":44}},"1":{"start":{"line":2,"column":0},"end":{"line":2,"column":39}},"2":{"start":{"line":3,"column":0},"end":{"line":3,"column":48}},"3":{"start":{"line":4,"column":0},"end":{"line":4,"column":54}},"4":{"start":{"line":5,"column":0},"end":{"line":5,"column":55}},"5":{"start":{"line":10,"column":12},"end":{"line":81,"column":1}},"6":{"start":{"line":11,"column":2},"end":{"line":80,"column":null}},"7":{"start":{"line":13,"column":6},"end":{"line":13,"column":65}},"8":{"start":{"line":16,"column":6},"end":{"line":16,"column":70}},"9":{"start":{"line":19,"column":6},"end":{"line":19,"column":72}},"10":{"start":{"line":22,"column":6},"end":{"line":22,"column":73}},"11":{"start":{"line":42,"column":6},"end":{"line":42,"column":71}},"12":{"start":{"line":47,"column":8},"end":{"line":47,"column":96}},"13":{"start":{"line":50,"column":8},"end":{"line":50,"column":97}},"14":{"start":{"line":53,"column":8},"end":{"line":53,"column":101}},"15":{"start":{"line":56,"column":8},"end":{"line":56,"column":103}},"16":{"start":{"line":77,"column":8},"end":{"line":77,"column":113}},"17":{"start":{"line":92,"column":9},"end":{"line":92,"column":12}},"18":{"start":{"line":83,"column":0},"end":{"line":83,"column":28}},"19":{"start":{"line":84,"column":0},"end":{"line":84,"column":20}},"20":{"start":{"line":85,"column":0},"end":{"line":85,"column":24}},"21":{"start":{"line":86,"column":0},"end":{"line":86,"column":26}},"22":{"start":{"line":87,"column":0},"end":{"line":87,"column":22}},"23":{"start":{"line":88,"column":0},"end":{"line":88,"column":30}},"24":{"start":{"line":93,"column":0},"end":{"line":93,"column":null}}},"fnMap":{"0":{"name":"(anonymous_0)","decl":{"start":{"line":10,"column":12},"end":{"line":10,"column":21}},"loc":{"start":{"line":10,"column":40},"end":{"line":81,"column":1}}},"1":{"name":"(anonymous_1)","decl":{"start":{"line":12,"column":4},"end":{"line":12,"column":11}},"loc":{"start":{"line":12,"column":11},"end":{"line":14,"column":5}}},"2":{"name":"(anonymous_2)","decl":{"start":{"line":15,"column":4},"end":{"line":15,"column":7}},"loc":{"start":{"line":15,"column":25},"end":{"line":17,"column":5}}},"3":{"name":"(anonymous_3)","decl":{"start":{"line":18,"column":4},"end":{"line":18,"column":9}},"loc":{"start":{"line":18,"column":27},"end":{"line":20,"column":5}}},"4":{"name":"(anonymous_4)","decl":{"start":{"line":21,"column":4},"end":{"line":21,"column":10}},"loc":{"start":{"line":21,"column":28},"end":{"line":23,"column":5}}},"5":{"name":"(anonymous_5)","decl":{"start":{"line":41,"column":4},"end":{"line":41,"column":8}},"loc":{"start":{"line":41,"column":61},"end":{"line":43,"column":5}}},"6":{"name":"(anonymous_6)","decl":{"start":{"line":46,"column":6},"end":{"line":46,"column":13}},"loc":{"start":{"line":46,"column":13},"end":{"line":48,"column":7}}},"7":{"name":"(anonymous_7)","decl":{"start":{"line":49,"column":6},"end":{"line":49,"column":9}},"loc":{"start":{"line":49,"column":27},"end":{"line":51,"column":7}}},"8":{"name":"(anonymous_8)","decl":{"start":{"line":52,"column":6},"end":{"line":52,"column":11}},"loc":{"start":{"line":52,"column":29},"end":{"line":54,"column":7}}},"9":{"name":"(anonymous_9)","decl":{"start":{"line":55,"column":6},"end":{"line":55,"column":12}},"loc":{"start":{"line":55,"column":30},"end":{"line":57,"column":7}}},"10":{"name":"(anonymous_10)","decl":{"start":{"line":76,"column":6},"end":{"line":76,"column":10}},"loc":{"start":{"line":76,"column":63},"end":{"line":78,"column":7}}}},"branchMap":{},"s":{"0":7,"1":7,"2":7,"3":7,"4":7,"5":7,"6":85,"7":11,"8":11,"9":12,"10":13,"11":12,"12":13,"13":17,"14":15,"15":16,"16":15,"17":7,"18":7,"19":7,"20":7,"21":7,"22":7,"23":7,"24":7},"f":{"0":85,"1":11,"2":11,"3":12,"4":13,"5":12,"6":13,"7":17,"8":15,"9":16,"10":15},"b":{}}
,"/home/fider/flip/typed-dotenv/src/app/decorators/int.ts": {"path":"/home/fider/flip/typed-dotenv/src/app/decorators/int.ts","statementMap":{"0":{"start":{"line":1,"column":0},"end":{"line":1,"column":50}},"1":{"start":{"line":2,"column":0},"end":{"line":2,"column":67}},"2":{"start":{"line":3,"column":0},"end":{"line":3,"column":65}},"3":{"start":{"line":4,"column":0},"end":{"line":4,"column":47}},"4":{"start":{"line":31,"column":2},"end":{"line":55,"column":4}},"5":{"start":{"line":32,"column":4},"end":{"line":32,"column":112}},"6":{"start":{"line":34,"column":4},"end":{"line":36,"column":null}},"7":{"start":{"line":35,"column":6},"end":{"line":35,"column":37}},"8":{"start":{"line":38,"column":4},"end":{"line":38,"column":71}},"9":{"start":{"line":40,"column":4},"end":{"line":42,"column":20}},"10":{"start":{"line":44,"column":4},"end":{"line":48,"column":null}},"11":{"start":{"line":45,"column":6},"end":{"line":47,"column":22}},"12":{"start":{"line":50,"column":4},"end":{"line":54,"column":null}},"13":{"start":{"line":51,"column":6},"end":{"line":53,"column":22}},"14":{"start":{"line":30,"column":0},"end":{"line":30,"column":16}}},"fnMap":{"0":{"name":"intDecorator","decl":{"start":{"line":30,"column":16},"end":{"line":30,"column":28}},"loc":{"start":{"line":30,"column":60},"end":{"line":56,"column":1}}},"1":{"name":"IntDecorator","decl":{"start":{"line":31,"column":18},"end":{"line":31,"column":30}},"loc":{"start":{"line":31,"column":92},"end":{"line":55,"column":3}}}},"branchMap":{"0":{"loc":{"start":{"line":32,"column":61},"end":{"line":32,"column":83}},"type":"cond-expr","locations":[{"start":{"line":32,"column":76},"end":{"line":32,"column":80}},{"start":{"line":32,"column":80},"end":{"line":32,"column":83}}]},"1":{"loc":{"start":{"line":32,"column":61},"end":{"line":32,"column":80}},"type":"binary-expr","locations":[{"start":{"line":32,"column":61},"end":{"line":32,"column":80}},{"start":{"line":32,"column":76},"end":{"line":32,"column":80}}]},"2":{"loc":{"start":{"line":34,"column":4},"end":{"line":36,"column":null}},"type":"if","locations":[{"start":{"line":34,"column":4},"end":{"line":36,"column":null}}]},"3":{"loc":{"start":{"line":44,"column":4},"end":{"line":48,"column":null}},"type":"if","locations":[{"start":{"line":44,"column":4},"end":{"line":48,"column":null}}]},"4":{"loc":{"start":{"line":50,"column":4},"end":{"line":54,"column":null}},"type":"if","locations":[{"start":{"line":50,"column":4},"end":{"line":54,"column":null}}]}},"s":{"0":7,"1":7,"2":7,"3":7,"4":28,"5":28,"6":28,"7":17,"8":28,"9":28,"10":28,"11":4,"12":28,"13":5,"14":7},"f":{"0":28,"1":28},"b":{"0":[7,21],"1":[28,28],"2":[17],"3":[4],"4":[5]}}
,"/home/fider/flip/typed-dotenv/src/app/decorators/optional.ts": {"path":"/home/fider/flip/typed-dotenv/src/app/decorators/optional.ts","statementMap":{"0":{"start":{"line":1,"column":0},"end":{"line":1,"column":45}},"1":{"start":{"line":2,"column":0},"end":{"line":2,"column":59}},"2":{"start":{"line":5,"column":2},"end":{"line":5,"column":28}},"3":{"start":{"line":6,"column":2},"end":{"line":6,"column":38}},"4":{"start":{"line":4,"column":0},"end":{"line":4,"column":16}}},"fnMap":{"0":{"name":"optionalDecorator","decl":{"start":{"line":4,"column":16},"end":{"line":4,"column":33}},"loc":{"start":{"line":4,"column":61},"end":{"line":7,"column":1}}}},"branchMap":{},"s":{"0":7,"1":7,"2":76,"3":76,"4":7},"f":{"0":76},"b":{}}
,"/home/fider/flip/typed-dotenv/src/app/decorators/string.ts": {"path":"/home/fider/flip/typed-dotenv/src/app/decorators/string.ts","statementMap":{"0":{"start":{"line":1,"column":0},"end":{"line":1,"column":64}},"1":{"start":{"line":2,"column":0},"end":{"line":2,"column":60}},"2":{"start":{"line":3,"column":0},"end":{"line":3,"column":65}},"3":{"start":{"line":4,"column":0},"end":{"line":4,"column":47}},"4":{"start":{"line":21,"column":2},"end":{"line":45,"column":4}},"5":{"start":{"line":22,"column":4},"end":{"line":22,"column":112}},"6":{"start":{"line":24,"column":4},"end":{"line":26,"column":null}},"7":{"start":{"line":25,"column":6},"end":{"line":25,"column":37}},"8":{"start":{"line":28,"column":4},"end":{"line":28,"column":64}},"9":{"start":{"line":30,"column":4},"end":{"line":32,"column":20}},"10":{"start":{"line":34,"column":4},"end":{"line":38,"column":null}},"11":{"start":{"line":35,"column":6},"end":{"line":37,"column":22}},"12":{"start":{"line":40,"column":4},"end":{"line":44,"column":null}},"13":{"start":{"line":41,"column":6},"end":{"line":43,"column":22}},"14":{"start":{"line":20,"column":0},"end":{"line":20,"column":16}}},"fnMap":{"0":{"name":"stringDecorator","decl":{"start":{"line":20,"column":16},"end":{"line":20,"column":31}},"loc":{"start":{"line":20,"column":63},"end":{"line":46,"column":1}}},"1":{"name":"StringDecorator","decl":{"start":{"line":21,"column":18},"end":{"line":21,"column":33}},"loc":{"start":{"line":21,"column":98},"end":{"line":45,"column":3}}}},"branchMap":{"0":{"loc":{"start":{"line":22,"column":61},"end":{"line":22,"column":83}},"type":"cond-expr","locations":[{"start":{"line":22,"column":76},"end":{"line":22,"column":80}},{"start":{"line":22,"column":80},"end":{"line":22,"column":83}}]},"1":{"loc":{"start":{"line":22,"column":61},"end":{"line":22,"column":80}},"type":"binary-expr","locations":[{"start":{"line":22,"column":61},"end":{"line":22,"column":80}},{"start":{"line":22,"column":76},"end":{"line":22,"column":80}}]},"2":{"loc":{"start":{"line":24,"column":4},"end":{"line":26,"column":null}},"type":"if","locations":[{"start":{"line":24,"column":4},"end":{"line":26,"column":null}}]},"3":{"loc":{"start":{"line":34,"column":4},"end":{"line":38,"column":null}},"type":"if","locations":[{"start":{"line":34,"column":4},"end":{"line":38,"column":null}}]},"4":{"loc":{"start":{"line":40,"column":4},"end":{"line":44,"column":null}},"type":"if","locations":[{"start":{"line":40,"column":4},"end":{"line":44,"column":null}}]}},"s":{"0":7,"1":7,"2":7,"3":7,"4":29,"5":29,"6":29,"7":16,"8":29,"9":29,"10":29,"11":13,"12":29,"13":8,"14":7},"f":{"0":29,"1":29},"b":{"0":[7,22],"1":[29,29],"2":[16],"3":[13],"4":[8]}}
,"/home/fider/flip/typed-dotenv/src/app/helpers/helper.ts": {"path":"/home/fider/flip/typed-dotenv/src/app/helpers/helper.ts","statementMap":{"0":{"start":{"line":1,"column":0},"end":{"line":1,"column":26}},"1":{"start":{"line":2,"column":0},"end":{"line":2,"column":46}},"2":{"start":{"line":4,"column":20},"end":{"line":4,"column":54}},"3":{"start":{"line":6,"column":46},"end":{"line":6,"column":91}},"4":{"start":{"line":13,"column":25},"end":{"line":16,"column":9}},"5":{"start":{"line":18,"column":2},"end":{"line":18,"column":26}},"6":{"start":{"line":20,"column":2},"end":{"line":24,"column":4}},"7":{"start":{"line":12,"column":0},"end":{"line":12,"column":16}},"8":{"start":{"line":28,"column":37},"end":{"line":30,"column":null}},"9":{"start":{"line":33,"column":2},"end":{"line":33,"column":43}},"10":{"start":{"line":27,"column":0},"end":{"line":27,"column":16}},"11":{"start":{"line":40,"column":2},"end":{"line":49,"column":41}},"12":{"start":{"line":41,"column":4},"end":{"line":46,"column":null}},"13":{"start":{"line":42,"column":48},"end":{"line":42,"column":147}},"14":{"start":{"line":43,"column":6},"end":{"line":43,"column":23}},"15":{"start":{"line":45,"column":6},"end":{"line":45,"column":36}},"16":{"start":{"line":39,"column":0},"end":{"line":39,"column":16}},"17":{"start":{"line":52,"column":22},"end":{"line":52,"column":40}},"18":{"start":{"line":53,"column":2},"end":{"line":60,"column":null}},"19":{"start":{"line":59,"column":4},"end":{"line":59,"column":23}},"20":{"start":{"line":61,"column":2},"end":{"line":61,"column":15}},"21":{"start":{"line":65,"column":2},"end":{"line":77,"column":41}},"22":{"start":{"line":66,"column":4},"end":{"line":75,"column":null}},"23":{"start":{"line":71,"column":49},"end":{"line":71,"column":150}},"24":{"start":{"line":72,"column":6},"end":{"line":72,"column":23}},"25":{"start":{"line":74,"column":6},"end":{"line":74,"column":37}},"26":{"start":{"line":64,"column":0},"end":{"line":64,"column":16}},"27":{"start":{"line":81,"column":2},"end":{"line":83,"column":null}},"28":{"start":{"line":82,"column":4},"end":{"line":82,"column":16}},"29":{"start":{"line":85,"column":2},"end":{"line":87,"column":null}},"30":{"start":{"line":86,"column":4},"end":{"line":86,"column":17}},"31":{"start":{"line":89,"column":2},"end":{"line":89,"column":15}},"32":{"start":{"line":93,"column":2},"end":{"line":104,"column":41}},"33":{"start":{"line":94,"column":4},"end":{"line":103,"column":null}},"34":{"start":{"line":99,"column":34},"end":{"line":99,"column":129}},"35":{"start":{"line":100,"column":6},"end":{"line":100,"column":23}},"36":{"start":{"line":102,"column":6},"end":{"line":102,"column":36}},"37":{"start":{"line":92,"column":0},"end":{"line":92,"column":16}},"38":{"start":{"line":107,"column":2},"end":{"line":107,"column":15}},"39":{"start":{"line":111,"column":2},"end":{"line":122,"column":41}},"40":{"start":{"line":112,"column":4},"end":{"line":121,"column":null}},"41":{"start":{"line":117,"column":34},"end":{"line":117,"column":119}},"42":{"start":{"line":118,"column":6},"end":{"line":118,"column":23}},"43":{"start":{"line":120,"column":6},"end":{"line":120,"column":36}},"44":{"start":{"line":110,"column":0},"end":{"line":110,"column":16}},"45":{"start":{"line":126,"column":2},"end":{"line":126,"column":null}},"46":{"start":{"line":131,"column":2},"end":{"line":131,"column":54}},"47":{"start":{"line":135,"column":2},"end":{"line":135,"column":35}}},"fnMap":{"0":{"name":"markPropertyAsOptional","decl":{"start":{"line":12,"column":16},"end":{"line":12,"column":38}},"loc":{"start":{"line":12,"column":88},"end":{"line":25,"column":1}}},"1":{"name":"isPropertyMarkedAsOptional","decl":{"start":{"line":27,"column":16},"end":{"line":27,"column":42}},"loc":{"start":{"line":27,"column":92},"end":{"line":34,"column":1}}},"2":{"name":"transformNumericStringProperty","decl":{"start":{"line":39,"column":16},"end":{"line":39,"column":46}},"loc":{"start":{"line":39,"column":125},"end":{"line":50,"column":1}}},"3":{"name":"(anonymous_3)","decl":{"start":{"line":40,"column":12},"end":{"line":40,"column":13}},"loc":{"start":{"line":40,"column":57},"end":{"line":49,"column":3}}},"4":{"name":"mapParsedNumber","decl":{"start":{"line":51,"column":9},"end":{"line":51,"column":24}},"loc":{"start":{"line":51,"column":50},"end":{"line":62,"column":1}}},"5":{"name":"transformBooleanProperty","decl":{"start":{"line":64,"column":16},"end":{"line":64,"column":40}},"loc":{"start":{"line":64,"column":119},"end":{"line":78,"column":1}}},"6":{"name":"(anonymous_6)","decl":{"start":{"line":65,"column":12},"end":{"line":65,"column":13}},"loc":{"start":{"line":65,"column":57},"end":{"line":77,"column":3}}},"7":{"name":"mapParsedBoolean","decl":{"start":{"line":80,"column":9},"end":{"line":80,"column":25}},"loc":{"start":{"line":80,"column":51},"end":{"line":90,"column":1}}},"8":{"name":"transformStringProperty","decl":{"start":{"line":92,"column":16},"end":{"line":92,"column":39}},"loc":{"start":{"line":92,"column":118},"end":{"line":105,"column":1}}},"9":{"name":"(anonymous_9)","decl":{"start":{"line":93,"column":12},"end":{"line":93,"column":13}},"loc":{"start":{"line":93,"column":57},"end":{"line":104,"column":3}}},"10":{"name":"mapParsedString","decl":{"start":{"line":106,"column":9},"end":{"line":106,"column":24}},"loc":{"start":{"line":106,"column":50},"end":{"line":108,"column":1}}},"11":{"name":"transformEnumProperty","decl":{"start":{"line":110,"column":16},"end":{"line":110,"column":37}},"loc":{"start":{"line":110,"column":116},"end":{"line":123,"column":1}}},"12":{"name":"(anonymous_12)","decl":{"start":{"line":111,"column":12},"end":{"line":111,"column":13}},"loc":{"start":{"line":111,"column":57},"end":{"line":122,"column":3}}},"13":{"name":"unescapeSeparator","decl":{"start":{"line":125,"column":9},"end":{"line":125,"column":26}},"loc":{"start":{"line":125,"column":38},"end":{"line":127,"column":1}}},"14":{"name":"splitStringWithEscape","decl":{"start":{"line":129,"column":9},"end":{"line":129,"column":30}},"loc":{"start":{"line":129,"column":71},"end":{"line":132,"column":1}}},"15":{"name":"splitString","decl":{"start":{"line":134,"column":9},"end":{"line":134,"column":20}},"loc":{"start":{"line":134,"column":61},"end":{"line":136,"column":1}}}},"branchMap":{"0":{"loc":{"start":{"line":13,"column":25},"end":{"line":16,"column":9}},"type":"cond-expr","locations":[{"start":{"line":16,"column":3},"end":{"line":16,"column":7}},{"start":{"line":16,"column":7},"end":{"line":16,"column":9}}]},"1":{"loc":{"start":{"line":13,"column":25},"end":{"line":16,"column":7}},"type":"binary-expr","locations":[{"start":{"line":13,"column":25},"end":{"line":16,"column":7}},{"start":{"line":16,"column":3},"end":{"line":16,"column":7}}]},"2":{"loc":{"start":{"line":33,"column":10},"end":{"line":33,"column":20}},"type":"cond-expr","locations":[{"start":{"line":33,"column":10},"end":{"line":33,"column":14}},{"start":{"line":33,"column":18},"end":{"line":33,"column":20}}]},"3":{"loc":{"start":{"line":33,"column":10},"end":{"line":33,"column":18}},"type":"binary-expr","locations":[{"start":{"line":33,"column":10},"end":{"line":33,"column":18}},{"start":{"line":33,"column":10},"end":{"line":33,"column":18}}]},"4":{"loc":{"start":{"line":41,"column":4},"end":{"line":46,"column":null}},"type":"if","locations":[{"start":{"line":41,"column":4},"end":{"line":46,"column":null}},{"start":{"line":44,"column":11},"end":{"line":46,"column":null}}]},"5":{"loc":{"start":{"line":41,"column":8},"end":{"line":41,"column":42}},"type":"binary-expr","locations":[{"start":{"line":41,"column":8},"end":{"line":41,"column":20}},{"start":{"line":41,"column":24},"end":{"line":41,"column":42}}]},"6":{"loc":{"start":{"line":53,"column":2},"end":{"line":60,"column":null}},"type":"if","locations":[{"start":{"line":53,"column":2},"end":{"line":60,"column":null}}]},"7":{"loc":{"start":{"line":54,"column":4},"end":{"line":57,"column":30}},"type":"binary-expr","locations":[{"start":{"line":54,"column":4},"end":{"line":54,"column":16}},{"start":{"line":55,"column":4},"end":{"line":55,"column":35}},{"start":{"line":56,"column":4},"end":{"line":56,"column":32}},{"start":{"line":57,"column":4},"end":{"line":57,"column":30}}]},"8":{"loc":{"start":{"line":66,"column":4},"end":{"line":75,"column":null}},"type":"if","locations":[{"start":{"line":66,"column":4},"end":{"line":75,"column":null}},{"start":{"line":73,"column":11},"end":{"line":75,"column":null}}]},"9":{"loc":{"start":{"line":67,"column":6},"end":{"line":69,"column":27}},"type":"binary-expr","locations":[{"start":{"line":67,"column":6},"end":{"line":67,"column":18}},{"start":{"line":68,"column":6},"end":{"line":68,"column":24}},{"start":{"line":69,"column":6},"end":{"line":69,"column":27}}]},"10":{"loc":{"start":{"line":81,"column":2},"end":{"line":83,"column":null}},"type":"if","locations":[{"start":{"line":81,"column":2},"end":{"line":83,"column":null}}]},"11":{"loc":{"start":{"line":81,"column":6},"end":{"line":81,"column":39}},"type":"binary-expr","locations":[{"start":{"line":81,"column":6},"end":{"line":81,"column":22}},{"start":{"line":81,"column":26},"end":{"line":81,"column":39}}]},"12":{"loc":{"start":{"line":85,"column":2},"end":{"line":87,"column":null}},"type":"if","locations":[{"start":{"line":85,"column":2},"end":{"line":87,"column":null}}]},"13":{"loc":{"start":{"line":85,"column":6},"end":{"line":85,"column":40}},"type":"binary-expr","locations":[{"start":{"line":85,"column":6},"end":{"line":85,"column":23}},{"start":{"line":85,"column":27},"end":{"line":85,"column":40}}]},"14":{"loc":{"start":{"line":94,"column":4},"end":{"line":103,"column":null}},"type":"if","locations":[{"start":{"line":94,"column":4},"end":{"line":103,"column":null}},{"start":{"line":101,"column":11},"end":{"line":103,"column":null}}]},"15":{"loc":{"start":{"line":95,"column":6},"end":{"line":97,"column":27}},"type":"binary-expr","locations":[{"start":{"line":95,"column":6},"end":{"line":95,"column":18}},{"start":{"line":96,"column":6},"end":{"line":96,"column":24}},{"start":{"line":97,"column":6},"end":{"line":97,"column":27}}]},"16":{"loc":{"start":{"line":112,"column":4},"end":{"line":121,"column":null}},"type":"if","locations":[{"start":{"line":112,"column":4},"end":{"line":121,"column":null}},{"start":{"line":119,"column":11},"end":{"line":121,"column":null}}]},"17":{"loc":{"start":{"line":113,"column":6},"end":{"line":115,"column":27}},"type":"binary-expr","locations":[{"start":{"line":113,"column":6},"end":{"line":113,"column":18}},{"start":{"line":114,"column":6},"end":{"line":114,"column":24}},{"start":{"line":115,"column":6},"end":{"line":115,"column":27}}]}},"s":{"0":7,"1":7,"2":7,"3":7,"4":76,"5":76,"6":76,"7":7,"8":37,"9":37,"10":7,"11":55,"12":45,"13":0,"14":0,"15":45,"16":7,"17":45,"18":45,"19":45,"20":0,"21":24,"22":19,"23":0,"24":0,"25":19,"26":7,"27":19,"28":9,"29":10,"30":7,"31":3,"32":29,"33":30,"34":0,"35":0,"36":30,"37":7,"38":52,"39":27,"40":22,"41":0,"42":0,"43":22,"44":7,"45":0,"46":0,"47":0},"f":{"0":76,"1":37,"2":55,"3":45,"4":45,"5":24,"6":19,"7":19,"8":29,"9":30,"10":52,"11":27,"12":22,"13":0,"14":0,"15":0},"b":{"0":[61,15],"1":[76,76],"2":[23,14],"3":[37,37],"4":[0,45],"5":[45,0],"6":[45],"7":[45,45,45,45],"8":[0,19],"9":[19,0,0],"10":[9],"11":[19,12],"12":[7],"13":[10,6],"14":[0,30],"15":[30,0,0],"16":[0,22],"17":[22,0,0]}}
,"/home/fider/flip/typed-dotenv/src/app/helpers/property-mapping.ts": {"path":"/home/fider/flip/typed-dotenv/src/app/helpers/property-mapping.ts","statementMap":{"0":{"start":{"line":1,"column":20},"end":{"line":1,"column":54}},"1":{"start":{"line":2,"column":17},"end":{"line":2,"column":50}},"2":{"start":{"line":10,"column":28},"end":{"line":13,"column":9}},"3":{"start":{"line":15,"column":2},"end":{"line":18,"column":5}},"4":{"start":{"line":20,"column":2},"end":{"line":24,"column":4}},"5":{"start":{"line":9,"column":0},"end":{"line":9,"column":16}},"6":{"start":{"line":28,"column":28},"end":{"line":31,"column":9}},"7":{"start":{"line":33,"column":2},"end":{"line":33,"column":14}},"8":{"start":{"line":27,"column":0},"end":{"line":27,"column":16}}},"fnMap":{"0":{"name":"setPropertyMapping","decl":{"start":{"line":9,"column":16},"end":{"line":9,"column":34}},"loc":{"start":{"line":9,"column":115},"end":{"line":25,"column":1}}},"1":{"name":"getPropertyMapping","decl":{"start":{"line":27,"column":16},"end":{"line":27,"column":34}},"loc":{"start":{"line":27,"column":61},"end":{"line":34,"column":1}}}},"branchMap":{"0":{"loc":{"start":{"line":10,"column":28},"end":{"line":13,"column":9}},"type":"cond-expr","locations":[{"start":{"line":13,"column":3},"end":{"line":13,"column":7}},{"start":{"line":13,"column":7},"end":{"line":13,"column":9}}]},"1":{"loc":{"start":{"line":10,"column":28},"end":{"line":13,"column":7}},"type":"binary-expr","locations":[{"start":{"line":10,"column":28},"end":{"line":13,"column":7}},{"start":{"line":13,"column":3},"end":{"line":13,"column":7}}]},"2":{"loc":{"start":{"line":28,"column":28},"end":{"line":31,"column":9}},"type":"cond-expr","locations":[{"start":{"line":31,"column":3},"end":{"line":31,"column":7}},{"start":{"line":31,"column":7},"end":{"line":31,"column":9}}]},"3":{"loc":{"start":{"line":28,"column":28},"end":{"line":31,"column":7}},"type":"binary-expr","locations":[{"start":{"line":28,"column":28},"end":{"line":31,"column":7}},{"start":{"line":31,"column":3},"end":{"line":31,"column":7}}]}},"s":{"0":7,"1":7,"2":135,"3":135,"4":135,"5":7,"6":72,"7":72,"8":7},"f":{"0":135,"1":72},"b":{"0":[107,28],"1":[135,135],"2":[72,0],"3":[72,72]}}
,"/home/fider/flip/typed-dotenv/src/test/test.util.ts": {"path":"/home/fider/flip/typed-dotenv/src/test/test.util.ts","statementMap":{"0":{"start":{"line":1,"column":0},"end":{"line":1,"column":35}},"1":{"start":{"line":2,"column":0},"end":{"line":2,"column":28}},"2":{"start":{"line":3,"column":0},"end":{"line":3,"column":28}},"3":{"start":{"line":4,"column":0},"end":{"line":4,"column":50}},"4":{"start":{"line":5,"column":0},"end":{"line":5,"column":44}},"5":{"start":{"line":7,"column":17},"end":{"line":7,"column":18}},"6":{"start":{"line":13,"column":2},"end":{"line":13,"column":18}},"7":{"start":{"line":14,"column":15},"end":{"line":14,"column":80}},"8":{"start":{"line":15,"column":2},"end":{"line":15,"column":37}},"9":{"start":{"line":16,"column":2},"end":{"line":16,"column":28}},"10":{"start":{"line":12,"column":0},"end":{"line":12,"column":16}},"11":{"start":{"line":20,"column":17},"end":{"line":20,"column":43}},"12":{"start":{"line":21,"column":2},"end":{"line":21,"column":35}},"13":{"start":{"line":19,"column":0},"end":{"line":19,"column":16}},"14":{"start":{"line":27,"column":2},"end":{"line":31,"column":null}},"15":{"start":{"line":28,"column":4},"end":{"line":28,"column":31}},"16":{"start":{"line":30,"column":4},"end":{"line":30,"column":28}},"17":{"start":{"line":33,"column":2},"end":{"line":35,"column":null}},"18":{"start":{"line":34,"column":4},"end":{"line":34,"column":77}},"19":{"start":{"line":37,"column":2},"end":{"line":37,"column":41}},"20":{"start":{"line":38,"column":2},"end":{"line":38,"column":49}},"21":{"start":{"line":24,"column":0},"end":{"line":24,"column":16}},"22":{"start":{"line":42,"column":2},"end":{"line":42,"column":52}},"23":{"start":{"line":41,"column":0},"end":{"line":41,"column":16}}},"fnMap":{"0":{"name":"envFile","decl":{"start":{"line":12,"column":16},"end":{"line":12,"column":23}},"loc":{"start":{"line":12,"column":45},"end":{"line":17,"column":1}}},"1":{"name":"expectOk","decl":{"start":{"line":19,"column":16},"end":{"line":19,"column":24}},"loc":{"start":{"line":19,"column":92},"end":{"line":22,"column":1}}},"2":{"name":"expectEnvError","decl":{"start":{"line":24,"column":16},"end":{"line":24,"column":30}},"loc":{"start":{"line":24,"column":118},"end":{"line":39,"column":1}}},"3":{"name":"trimEachLine","decl":{"start":{"line":41,"column":16},"end":{"line":41,"column":28}},"loc":{"start":{"line":41,"column":40},"end":{"line":43,"column":1}}}},"branchMap":{"0":{"loc":{"start":{"line":33,"column":2},"end":{"line":35,"column":null}},"type":"if","locations":[{"start":{"line":33,"column":2},"end":{"line":35,"column":null}}]}},"s":{"0":7,"1":7,"2":7,"3":7,"4":7,"5":7,"6":27,"7":27,"8":27,"9":27,"10":7,"11":22,"12":20,"13":7,"14":13,"15":13,"16":12,"17":13,"18":1,"19":12,"20":12,"21":7,"22":11,"23":7},"f":{"0":27,"1":22,"2":13,"3":11},"b":{"0":[1]}}
}
