TN:
SF:src/app/env.error.ts
FN:7,(anonymous_1)
FN:16,(anonymous_2)
FN:18,(anonymous_3)
FN:51,(anonymous_4)
FN:73,mapIfUnknownPropertyError
FNF:5
FNH:5
FNDA:14,(anonymous_1)
FNDA:37,(anonymous_2)
FNDA:170,(anonymous_3)
FNDA:37,(anonymous_4)
FNDA:40,mapIfUnknownPropertyError
DA:1,7
DA:2,7
DA:4,7
DA:15,14
DA:16,14
DA:17,37
DA:18,170
DA:19,37
DA:21,37
DA:22,37
DA:23,37
DA:24,37
DA:25,37
DA:27,37
DA:28,37
DA:30,37
DA:32,4
DA:33,4
DA:35,4
DA:38,37
DA:40,37
DA:51,14
DA:52,37
DA:55,14
DA:72,7
DA:74,40
DA:75,4
DA:77,36
LF:28
LH:28
BRDA:18,0,0,37
BRDA:18,0,1,4
BRDA:18,1,0,4
BRDA:18,1,1,33
BRDA:18,2,0,37
BRDA:18,2,1,37
BRDA:19,3,0,32
BRDA:19,3,1,5
BRDA:22,4,0,13
BRDA:22,4,1,24
BRDA:24,5,0,15
BRDA:24,5,1,22
BRDA:30,6,0,4
BRDA:30,7,0,37
BRDA:30,7,1,11
BRDA:32,8,0,2
BRDA:32,8,1,2
BRDA:74,9,0,4
BRF:18
BRH:18
end_of_record
TN:
SF:src/app/get-config.ts
FN:32,getConfig
FN:52,(anonymous_2)
FN:77,determineEnvFilePath
FN:104,canSeeFileSync
FN:117,canReadFileSync
FN:126,isDirectorySync
FN:131,parseEnvFile
FN:141,mapEnvKeys
FN:149,(anonymous_9)
FNF:9
FNH:9
FNDA:37,getConfig
FNDA:37,(anonymous_2)
FNDA:37,determineEnvFilePath
FNDA:37,canSeeFileSync
FNDA:36,canReadFileSync
FNDA:36,isDirectorySync
FNDA:35,parseEnvFile
FNDA:35,mapEnvKeys
FNDA:142,(anonymous_9)
DA:1,7
DA:2,7
DA:3,7
DA:4,7
DA:5,7
DA:6,7
DA:8,7
DA:9,7
DA:10,7
DA:32,7
DA:33,37
DA:35,35
DA:37,35
DA:39,35
DA:40,35
DA:42,35
DA:43,35
DA:47,35
DA:48,35
DA:51,14
DA:52,14
DA:53,37
DA:55,37
DA:56,37
DA:58,37
DA:68,14
DA:71,0
DA:74,21
DA:78,37
DA:81,37
DA:83,37
DA:84,36
DA:86,1
DA:89,37
DA:90,1
DA:93,36
DA:94,0
DA:97,36
DA:98,1
DA:101,35
DA:105,37
DA:106,37
DA:107,36
DA:109,1
DA:110,1
DA:112,0
DA:118,36
DA:119,36
DA:120,36
DA:122,0
DA:127,36
DA:128,36
DA:132,35
DA:134,35
DA:135,0
DA:138,35
DA:142,35
DA:143,35
DA:145,35
DA:147,35
DA:149,35
DA:150,142
DA:152,142
DA:153,100
DA:156,142
DA:159,35
DA:161,35
LF:67
LH:62
BRDA:42,0,0,4
BRDA:42,0,1,31
BRDA:42,1,0,35
BRDA:42,1,1,35
BRDA:42,2,0,29
BRDA:42,2,1,6
BRDA:42,3,0,35
BRDA:42,3,1,35
BRDA:51,4,0,14
BRDA:51,5,0,14
BRDA:51,5,1,14
BRDA:60,6,0,37
BRDA:60,6,1,0
BRDA:83,7,0,36
BRDA:83,7,1,1
BRDA:84,8,0,33
BRDA:84,8,1,3
BRDA:89,9,0,1
BRDA:93,10,0,0
BRDA:97,11,0,1
BRDA:109,12,0,1
BRDA:109,12,1,0
BRDA:134,13,0,0
BRDA:152,14,0,100
BRF:24
BRH:20
end_of_record
TN:
SF:src/app/index.ts
FNF:0
FNH:0
DA:1,7
DA:2,7
LF:2
LH:2
BRF:0
BRH:0
end_of_record
TN:
SF:src/app/decorators/boolean.ts
FN:9,booleanDecorator
FN:10,BooleanDecorator
FNF:2
FNH:2
FNDA:24,booleanDecorator
FNDA:24,BooleanDecorator
DA:1,7
DA:2,7
DA:3,7
DA:4,7
DA:9,7
DA:10,24
DA:11,24
DA:13,24
DA:14,13
DA:17,24
DA:19,24
LF:11
LH:11
BRDA:11,0,0,5
BRDA:11,0,1,19
BRDA:11,1,0,24
BRDA:11,1,1,24
BRDA:13,2,0,13
BRF:5
BRH:5
end_of_record
TN:
SF:src/app/decorators/enum.ts
FN:10,enumDecorator
FN:11,EnumValuesDecorator
FNF:2
FNH:2
FNDA:27,enumDecorator
FNDA:27,EnumValuesDecorator
DA:1,7
DA:3,7
DA:4,7
DA:5,7
DA:10,7
DA:11,27
DA:12,27
DA:14,27
DA:15,15
DA:18,27
DA:20,27
LF:11
LH:11
BRDA:12,0,0,7
BRDA:12,0,1,20
BRDA:12,1,0,27
BRDA:12,1,1,27
BRDA:14,2,0,15
BRF:5
BRH:5
end_of_record
TN:
SF:src/app/decorators/float.ts
FN:18,floatDecorator
FN:19,FloatDecorator
FNF:2
FNH:2
FNDA:27,floatDecorator
FNDA:27,FloatDecorator
DA:1,7
DA:2,7
DA:3,7
DA:5,7
DA:18,7
DA:19,27
DA:20,27
DA:22,27
DA:23,15
DA:26,27
DA:29,27
DA:33,27
DA:34,4
DA:39,27
DA:40,5
LF:15
LH:15
BRDA:20,0,0,7
BRDA:20,0,1,20
BRDA:20,1,0,27
BRDA:20,1,1,27
BRDA:22,2,0,15
BRDA:33,3,0,4
BRDA:39,4,0,5
BRF:7
BRH:7
end_of_record
TN:
SF:src/app/decorators/index.ts
FN:10,(anonymous_0)
FN:12,(anonymous_1)
FN:15,(anonymous_2)
FN:18,(anonymous_3)
FN:21,(anonymous_4)
FN:41,(anonymous_5)
FN:46,(anonymous_6)
FN:49,(anonymous_7)
FN:52,(anonymous_8)
FN:55,(anonymous_9)
FN:76,(anonymous_10)
FNF:11
FNH:11
FNDA:85,(anonymous_0)
FNDA:11,(anonymous_1)
FNDA:11,(anonymous_2)
FNDA:12,(anonymous_3)
FNDA:13,(anonymous_4)
FNDA:12,(anonymous_5)
FNDA:13,(anonymous_6)
FNDA:17,(anonymous_7)
FNDA:15,(anonymous_8)
FNDA:16,(anonymous_9)
FNDA:15,(anonymous_10)
DA:1,7
DA:2,7
DA:3,7
DA:4,7
DA:5,7
DA:10,7
DA:11,85
DA:13,11
DA:16,11
DA:19,12
DA:22,13
DA:42,12
DA:47,13
DA:50,17
DA:53,15
DA:56,16
DA:77,15
DA:83,7
DA:84,7
DA:85,7
DA:86,7
DA:87,7
DA:88,7
DA:92,7
DA:93,7
LF:25
LH:25
BRF:0
BRH:0
end_of_record
TN:
SF:src/app/decorators/int.ts
FN:30,intDecorator
FN:31,IntDecorator
FNF:2
FNH:2
FNDA:28,intDecorator
FNDA:28,IntDecorator
DA:1,7
DA:2,7
DA:3,7
DA:4,7
DA:30,7
DA:31,28
DA:32,28
DA:34,28
DA:35,17
DA:38,28
DA:40,28
DA:44,28
DA:45,4
DA:50,28
DA:51,5
LF:15
LH:15
BRDA:32,0,0,7
BRDA:32,0,1,21
BRDA:32,1,0,28
BRDA:32,1,1,28
BRDA:34,2,0,17
BRDA:44,3,0,4
BRDA:50,4,0,5
BRF:7
BRH:7
end_of_record
TN:
SF:src/app/decorators/optional.ts
FN:4,optionalDecorator
FNF:1
FNH:1
FNDA:76,optionalDecorator
DA:1,7
DA:2,7
DA:4,7
DA:5,76
DA:6,76
LF:5
LH:5
BRF:0
BRH:0
end_of_record
TN:
SF:src/app/decorators/string.ts
FN:20,stringDecorator
FN:21,StringDecorator
FNF:2
FNH:2
FNDA:29,stringDecorator
FNDA:29,StringDecorator
DA:1,7
DA:2,7
DA:3,7
DA:4,7
DA:20,7
DA:21,29
DA:22,29
DA:24,29
DA:25,16
DA:28,29
DA:30,29
DA:34,29
DA:35,13
DA:40,29
DA:41,8
LF:15
LH:15
BRDA:22,0,0,7
BRDA:22,0,1,22
BRDA:22,1,0,29
BRDA:22,1,1,29
BRDA:24,2,0,16
BRDA:34,3,0,13
BRDA:40,4,0,8
BRF:7
BRH:7
end_of_record
TN:
SF:src/app/helpers/helper.ts
FN:12,markPropertyAsOptional
FN:27,isPropertyMarkedAsOptional
FN:39,transformNumericStringProperty
FN:40,(anonymous_3)
FN:51,mapParsedNumber
FN:64,transformBooleanProperty
FN:65,(anonymous_6)
FN:80,mapParsedBoolean
FN:92,transformStringProperty
FN:93,(anonymous_9)
FN:106,mapParsedString
FN:110,transformEnumProperty
FN:111,(anonymous_12)
FN:125,unescapeSeparator
FN:129,splitStringWithEscape
FN:134,splitString
FNF:16
FNH:13
FNDA:76,markPropertyAsOptional
FNDA:37,isPropertyMarkedAsOptional
FNDA:55,transformNumericStringProperty
FNDA:45,(anonymous_3)
FNDA:45,mapParsedNumber
FNDA:24,transformBooleanProperty
FNDA:19,(anonymous_6)
FNDA:19,mapParsedBoolean
FNDA:29,transformStringProperty
FNDA:30,(anonymous_9)
FNDA:52,mapParsedString
FNDA:27,transformEnumProperty
FNDA:22,(anonymous_12)
FNDA:0,unescapeSeparator
FNDA:0,splitStringWithEscape
FNDA:0,splitString
DA:1,7
DA:2,7
DA:4,7
DA:6,7
DA:12,7
DA:13,76
DA:18,76
DA:20,76
DA:27,7
DA:28,37
DA:33,37
DA:39,7
DA:40,55
DA:41,45
DA:42,0
DA:43,0
DA:45,45
DA:52,45
DA:53,45
DA:59,45
DA:61,0
DA:64,7
DA:65,24
DA:66,19
DA:71,0
DA:72,0
DA:74,19
DA:81,19
DA:82,9
DA:85,10
DA:86,7
DA:89,3
DA:92,7
DA:93,29
DA:94,30
DA:99,0
DA:100,0
DA:102,30
DA:107,52
DA:110,7
DA:111,27
DA:112,22
DA:117,0
DA:118,0
DA:120,22
DA:126,0
DA:131,0
DA:135,0
LF:48
LH:36
BRDA:13,0,0,61
BRDA:13,0,1,15
BRDA:13,1,0,76
BRDA:13,1,1,76
BRDA:33,2,0,23
BRDA:33,2,1,14
BRDA:33,3,0,37
BRDA:33,3,1,37
BRDA:41,4,0,0
BRDA:41,4,1,45
BRDA:41,5,0,45
BRDA:41,5,1,0
BRDA:53,6,0,45
BRDA:54,7,0,45
BRDA:54,7,1,45
BRDA:54,7,2,45
BRDA:54,7,3,45
BRDA:66,8,0,0
BRDA:66,8,1,19
BRDA:67,9,0,19
BRDA:67,9,1,0
BRDA:67,9,2,0
BRDA:81,10,0,9
BRDA:81,11,0,19
BRDA:81,11,1,12
BRDA:85,12,0,7
BRDA:85,13,0,10
BRDA:85,13,1,6
BRDA:94,14,0,0
BRDA:94,14,1,30
BRDA:95,15,0,30
BRDA:95,15,1,0
BRDA:95,15,2,0
BRDA:112,16,0,0
BRDA:112,16,1,22
BRDA:113,17,0,22
BRDA:113,17,1,0
BRDA:113,17,2,0
BRF:38
BRH:27
end_of_record
TN:
SF:src/app/helpers/property-mapping.ts
FN:9,setPropertyMapping
FN:27,getPropertyMapping
FNF:2
FNH:2
FNDA:135,setPropertyMapping
FNDA:72,getPropertyMapping
DA:1,7
DA:2,7
DA:9,7
DA:10,135
DA:15,135
DA:20,135
DA:27,7
DA:28,72
DA:33,72
LF:9
LH:9
BRDA:10,0,0,107
BRDA:10,0,1,28
BRDA:10,1,0,135
BRDA:10,1,1,135
BRDA:28,2,0,72
BRDA:28,2,1,0
BRDA:28,3,0,72
BRDA:28,3,1,72
BRF:8
BRH:7
end_of_record
TN:
SF:src/test/test.util.ts
FN:12,envFile
FN:19,expectOk
FN:24,expectEnvError
FN:41,trimEachLine
FNF:4
FNH:4
FNDA:27,envFile
FNDA:22,expectOk
FNDA:13,expectEnvError
FNDA:11,trimEachLine
DA:1,7
DA:2,7
DA:3,7
DA:4,7
DA:5,7
DA:7,7
DA:12,7
DA:13,27
DA:14,27
DA:15,27
DA:16,27
DA:19,7
DA:20,22
DA:21,20
DA:24,7
DA:27,13
DA:28,13
DA:30,12
DA:33,13
DA:34,1
DA:37,12
DA:38,12
DA:41,7
DA:42,11
LF:24
LH:24
BRDA:33,0,0,1
BRF:1
BRH:1
end_of_record
